# JRE version: OpenJDK Runtime Environment (11.0.12+7) (build 11.0.12+7-b1504.28-7817840)
# Java VM: OpenJDK 64-Bit Server VM (11.0.12+7-b1504.28-7817840, mixed mode, tiered, compressed oops, g1 gc, windows-amd64)
Heap:
 garbage-first heap   total 481280K, used 211968K [0x0000000080000000, 0x0000000100000000)
  region size 1024K, 3 young (3072K), 3 survivors (3072K)
 Metaspace       used 124070K, capacity 126941K, committed 127052K, reserved 1159168K
  class space    used 15628K, capacity 16710K, committed 16716K, reserved 1048576K
GC Heap History (20 events):
Event: 8735.962 GC heap after
{Heap after GC invocations=82 (full 0):
 garbage-first heap   total 225280K, used 125886K [0x0000000080000000, 0x0000000100000000)
  region size 1024K, 2 young (2048K), 2 survivors (2048K)
 Metaspace       used 117344K, capacity 119941K, committed 120140K, reserved 1153024K
  class space    used 14579K, capacity 15570K, committed 15692K, reserved 1048576K
}
Event: 8736.530 GC heap before
{Heap before GC invocations=82 (full 0):
 garbage-first heap   total 225280K, used 172990K [0x0000000080000000, 0x0000000100000000)
  region size 1024K, 49 young (50176K), 2 survivors (2048K)
 Metaspace       used 117652K, capacity 120359K, committed 120396K, reserved 1155072K
  class space    used 14608K, capacity 15656K, committed 15692K, reserved 1048576K
}
Event: 8736.544 GC heap after
{Heap after GC invocations=83 (full 0):
 garbage-first heap   total 225280K, used 130484K [0x0000000080000000, 0x0000000100000000)
  region size 1024K, 6 young (6144K), 6 survivors (6144K)
 Metaspace       used 117652K, capacity 120359K, committed 120396K, reserved 1155072K
  class space    used 14608K, capacity 15656K, committed 15692K, reserved 1048576K
}
Event: 8737.025 GC heap before
{Heap before GC invocations=84 (full 0):
 garbage-first heap   total 225280K, used 175540K [0x0000000080000000, 0x0000000100000000)
  region size 1024K, 52 young (53248K), 6 survivors (6144K)
 Metaspace       used 118323K, capacity 120992K, committed 121292K, reserved 1155072K
  class space    used 14701K, capacity 15728K, committed 15820K, reserved 1048576K
}
Event: 8737.036 GC heap after
{Heap after GC invocations=85 (full 0):
 garbage-first heap   total 270336K, used 132024K [0x0000000080000000, 0x0000000100000000)
  region size 1024K, 2 young (2048K), 2 survivors (2048K)
 Metaspace       used 118323K, capacity 120992K, committed 121292K, reserved 1155072K
  class space    used 14701K, capacity 15728K, committed 15820K, reserved 1048576K
}
Event: 8737.912 GC heap before
{Heap before GC invocations=86 (full 0):
 garbage-first heap   total 270336K, used 146360K [0x0000000080000000, 0x0000000100000000)
  region size 1024K, 12 young (12288K), 2 survivors (2048K)
 Metaspace       used 118823K, capacity 121549K, committed 121676K, reserved 1155072K
  class space    used 14772K, capacity 15824K, committed 15948K, reserved 1048576K
}
Event: 8737.919 GC heap after
{Heap after GC invocations=87 (full 0):
 garbage-first heap   total 270336K, used 138260K [0x0000000080000000, 0x0000000100000000)
  region size 1024K, 4 young (4096K), 4 survivors (4096K)
 Metaspace       used 118823K, capacity 121549K, committed 121676K, reserved 1155072K
  class space    used 14772K, capacity 15824K, committed 15948K, reserved 1048576K
}
Event: 8738.304 GC heap before
{Heap before GC invocations=88 (full 0):
 garbage-first heap   total 270336K, used 140308K [0x0000000080000000, 0x0000000100000000)
  region size 1024K, 5 young (5120K), 4 survivors (4096K)
 Metaspace       used 118823K, capacity 121549K, committed 121676K, reserved 1155072K
  class space    used 14772K, capacity 15824K, committed 15948K, reserved 1048576K
}
Event: 8738.309 GC heap after
{Heap after GC invocations=89 (full 0):
 garbage-first heap   total 270336K, used 140072K [0x0000000080000000, 0x0000000100000000)
  region size 1024K, 4 young (4096K), 4 survivors (4096K)
 Metaspace       used 118823K, capacity 121549K, committed 121676K, reserved 1155072K
  class space    used 14772K, capacity 15824K, committed 15948K, reserved 1048576K
}
Event: 8739.354 GC heap before
{Heap before GC invocations=90 (full 0):
 garbage-first heap   total 270336K, used 154408K [0x0000000080000000, 0x0000000100000000)
  region size 1024K, 15 young (15360K), 4 survivors (4096K)
 Metaspace       used 121194K, capacity 123875K, committed 123980K, reserved 1157120K
  class space    used 15095K, capacity 16131K, committed 16204K, reserved 1048576K
}
Event: 8739.365 GC heap after
{Heap after GC invocations=91 (full 0):
 garbage-first heap   total 270336K, used 146520K [0x0000000080000000, 0x0000000100000000)
  region size 1024K, 5 young (5120K), 5 survivors (5120K)
 Metaspace       used 121194K, capacity 123875K, committed 123980K, reserved 1157120K
  class space    used 15095K, capacity 16131K, committed 16204K, reserved 1048576K
}
Event: 8740.046 GC heap before
{Heap before GC invocations=92 (full 0):
 garbage-first heap   total 270336K, used 216152K [0x0000000080000000, 0x0000000100000000)
  region size 1024K, 47 young (48128K), 5 survivors (5120K)
 Metaspace       used 121686K, capacity 124412K, committed 124620K, reserved 1157120K
  class space    used 15166K, capacity 16205K, committed 16332K, reserved 1048576K
}
Event: 8740.165 GC heap after
{Heap after GC invocations=93 (full 0):
 garbage-first heap   total 270336K, used 172221K [0x0000000080000000, 0x0000000100000000)
  region size 1024K, 7 young (7168K), 7 survivors (7168K)
 Metaspace       used 121686K, capacity 124412K, committed 124620K, reserved 1157120K
  class space    used 15166K, capacity 16205K, committed 16332K, reserved 1048576K
}
Event: 8740.864 GC heap before
{Heap before GC invocations=94 (full 0):
 garbage-first heap   total 270336K, used 208061K [0x0000000080000000, 0x0000000100000000)
  region size 1024K, 41 young (41984K), 7 survivors (7168K)
 Metaspace       used 124006K, capacity 126869K, committed 127052K, reserved 1159168K
  class space    used 15628K, capacity 16710K, committed 16716K, reserved 1048576K
}
Event: 8740.904 GC heap after
{Heap after GC invocations=95 (full 0):
 garbage-first heap   total 270336K, used 187564K [0x0000000080000000, 0x0000000100000000)
  region size 1024K, 6 young (6144K), 6 survivors (6144K)
 Metaspace       used 124006K, capacity 126869K, committed 127052K, reserved 1159168K
  class space    used 15628K, capacity 16710K, committed 16716K, reserved 1048576K
}
Event: 8740.951 GC heap before
{Heap before GC invocations=95 (full 0):
 garbage-first heap   total 270336K, used 194732K [0x0000000080000000, 0x0000000100000000)
  region size 1024K, 13 young (13312K), 6 survivors (6144K)
 Metaspace       used 124020K, capacity 126869K, committed 127052K, reserved 1159168K
  class space    used 15628K, capacity 16710K, committed 16716K, reserved 1048576K
}
Event: 8740.975 GC heap after
{Heap after GC invocations=96 (full 0):
 garbage-first heap   total 270336K, used 186959K [0x0000000080000000, 0x0000000100000000)
  region size 1024K, 2 young (2048K), 2 survivors (2048K)
 Metaspace       used 124020K, capacity 126869K, committed 127052K, reserved 1159168K
  class space    used 15628K, capacity 16710K, committed 16716K, reserved 1048576K
}
Event: 8741.121 GC heap before
{Heap before GC invocations=96 (full 0):
 garbage-first heap   total 270336K, used 213583K [0x0000000080000000, 0x0000000100000000)
  region size 1024K, 28 young (28672K), 2 survivors (2048K)
 Metaspace       used 124067K, capacity 126941K, committed 127052K, reserved 1159168K
  class space    used 15628K, capacity 16710K, committed 16716K, reserved 1048576K
}
Event: 8741.142 GC heap after
{Heap after GC invocations=97 (full 0):
 garbage-first heap   total 270336K, used 200954K [0x0000000080000000, 0x0000000100000000)
  region size 1024K, 4 young (4096K), 4 survivors (4096K)
 Metaspace       used 124067K, capacity 126941K, committed 127052K, reserved 1159168K
  class space    used 15628K, capacity 16710K, committed 16716K, reserved 1048576K
}
Event: 8741.306 GC heap before
{Heap before GC invocations=97 (full 0):
 garbage-first heap   total 270336K, used 220410K [0x0000000080000000, 0x0000000100000000)
  region size 1024K, 23 young (23552K), 4 survivors (4096K)
 Metaspace       used 124070K, capacity 126941K, committed 127052K, reserved 1159168K
  class space    used 15628K, capacity 16710K, committed 16716K, reserved 1048576K
}

